<?xml version="1.0" encoding="UTF-8"?>
<!-- Generated by org.testng.reporters.JUnitReportReporter -->
<testsuite hostname="LAPTOP-EO7B0BDK" failures="0" tests="1" name="com.inetbanking.testcases.TC_LoginTest_001" time="1.088" errors="0" timestamp="2022-06-29T07:16:33 EDT" skipped="0">
  <testcase classname="com.inetbanking.testcases.TC_LoginTest_001" name="loginTest" time="1.088"/>
  <system-out/>
</testsuite> <!-- com.inetbanking.testcases.TC_LoginTest_001 -->
