<?xml version="1.0" encoding="UTF-8"?>
<!-- Generated by org.testng.reporters.JUnitReportReporter -->
<testsuite hostname="LAPTOP-EO7B0BDK" failures="0" tests="1" name="com.inetbanking.testcases.TC_EditCutomer_004" time="7.685" errors="0" timestamp="2022-07-07T08:03:07 EDT" skipped="0">
  <testcase classname="com.inetbanking.testcases.TC_EditCutomer_004" name="editCustomer" time="7.685"/>
  <system-out/>
</testsuite> <!-- com.inetbanking.testcases.TC_EditCutomer_004 -->
