<?xml version="1.0" encoding="UTF-8"?>
<!-- Generated by org.testng.reporters.JUnitReportReporter -->
<testsuite hostname="LAPTOP-EO7B0BDK" failures="0" tests="1" name="com.inetbanking.testcases.TC_LoginTest_001" time="2.030" errors="0" timestamp="2022-07-07T06:23:21 EDT" skipped="0">
  <testcase classname="com.inetbanking.testcases.TC_LoginTest_001" name="loginTest" time="2.030"/>
  <system-out/>
</testsuite> <!-- com.inetbanking.testcases.TC_LoginTest_001 -->
