<?xml version="1.0" encoding="UTF-8"?>
<!-- Generated by org.testng.reporters.JUnitReportReporter -->
<testsuite hostname="LAPTOP-EO7B0BDK" failures="0" tests="1" name="com.inetbanking.testcases.TC_AddCustomer_003" time="12.098" errors="0" timestamp="2022-06-29T07:31:48 EDT" skipped="0">
  <testcase classname="com.inetbanking.testcases.TC_AddCustomer_003" name="addNewCustomer" time="12.098"/>
  <system-out/>
</testsuite> <!-- com.inetbanking.testcases.TC_AddCustomer_003 -->
