<?xml version="1.0" encoding="UTF-8"?>
<!-- Generated by org.testng.reporters.JUnitReportReporter -->
<testsuite hostname="LAPTOP-EO7B0BDK" failures="0" tests="1" name="com.inetbanking.testcases.TC_AddCustomer_003" time="9.481" errors="0" timestamp="2022-07-07T06:38:25 EDT" skipped="0">
  <testcase classname="com.inetbanking.testcases.TC_AddCustomer_003" name="addNewCustomer" time="9.481"/>
  <system-out/>
</testsuite> <!-- com.inetbanking.testcases.TC_AddCustomer_003 -->
